[debug] [2026-01-17T13:20:25.288Z] ----------------------------------------------------------------------
[debug] [2026-01-17T13:20:25.293Z] Command:       D:\برامج\node.exe C:\Users\mahmm\AppData\Roaming\npm\node_modules\firebase-tools\lib\bin\firebase.js init
[debug] [2026-01-17T13:20:25.294Z] CLI Version:   15.1.0
[debug] [2026-01-17T13:20:25.294Z] Platform:      win32
[debug] [2026-01-17T13:20:25.295Z] Node Version:  v22.13.0
[debug] [2026-01-17T13:20:25.295Z] Time:          Sat Jan 17 2026 15:20:25 GMT+0200 (Eastern European Standard Time)
[debug] [2026-01-17T13:20:25.295Z] ----------------------------------------------------------------------
[debug] 
[debug] [2026-01-17T13:20:25.299Z] >>> [apiv2][query] GET https://firebase-public.firebaseio.com/cli.json [none]
[info] 
     ######## #### ########  ######## ########     ###     ######  ########
     ##        ##  ##     ## ##       ##     ##  ##   ##  ##       ##
     ######    ##  ########  ######   ########  #########  ######  ######
     ##        ##  ##    ##  ##       ##     ## ##     ##       ## ##
     ##       #### ##     ## ######## ########  ##     ##  ######  ########

You're about to initialize a Firebase project in this directory:

  D:\programmer\FrontEnd\Next\Hotel book

[debug] [2026-01-17T13:20:29.462Z] <<< [apiv2][status] GET https://firebase-public.firebaseio.com/cli.json 200
[debug] [2026-01-17T13:20:29.463Z] <<< [apiv2][body] GET https://firebase-public.firebaseio.com/cli.json {"cloudBuildErrorAfter":1594252800000,"cloudBuildWarnAfter":1590019200000,"defaultNode10After":1594252800000,"minVersion":"3.0.5","node8DeploysDisabledAfter":1613390400000,"node8RuntimeDisabledAfter":1615809600000,"node8WarnAfter":1600128000000}
[debug] [2026-01-17T13:20:37.258Z] ExitPromptError: User force closed the prompt with SIGINT
    at Interface.sigint (C:\Users\mahmm\AppData\Roaming\npm\node_modules\firebase-tools\node_modules\@inquirer\core\dist\commonjs\lib\create-prompt.js:101:37)
    at Interface.emit (node:events:524:28)
    at [_ttyWrite] [as _ttyWrite] (node:internal/readline/interface:1124:18)
    at ReadStream.onkeypress (node:internal/readline/interface:263:20)
    at ReadStream.emit (node:events:536:35)
    at emitKeys (node:internal/readline/utils:370:14)
    at emitKeys.next (<anonymous>)
    at ReadStream.onData (node:internal/readline/emitKeypressEvents:64:36)
    at ReadStream.emit (node:events:524:28)
    at addChunk (node:internal/streams/readable:561:12)
[error] 
[error] Error: An unexpected error has occurred.
[debug] [2026-01-17T13:30:00.598Z] ----------------------------------------------------------------------
[debug] [2026-01-17T13:30:00.602Z] Command:       D:\برامج\node.exe C:\Users\mahmm\AppData\Roaming\npm\node_modules\firebase-tools\lib\bin\firebase.js init
[debug] [2026-01-17T13:30:00.603Z] CLI Version:   15.3.1
[debug] [2026-01-17T13:30:00.603Z] Platform:      win32
[debug] [2026-01-17T13:30:00.603Z] Node Version:  v22.13.0
[debug] [2026-01-17T13:30:00.603Z] Time:          Sat Jan 17 2026 15:30:00 GMT+0200 (Eastern European Standard Time)
[debug] [2026-01-17T13:30:00.603Z] ----------------------------------------------------------------------
[debug] 
[info] 
     ######## #### ########  ######## ########     ###     ######  ########
     ##        ##  ##     ## ##       ##     ##  ##   ##  ##       ##
     ######    ##  ########  ######   ########  #########  ######  ######
     ##        ##  ##    ##  ##       ##     ## ##     ##       ## ##
     ##       #### ##     ## ######## ########  ##     ##  ######  ########

You're about to initialize a Firebase project in this directory:

  D:\programmer\FrontEnd\Next\Hotel book

[info] 
=== Project Setup
[info] 
[info] First, let's associate this project directory with a Firebase project.
[info] You can create multiple project aliases by running firebase use --add, 
[info] 
[debug] [2026-01-17T13:30:56.170Z] > command requires scopes: ["email","openid","https://www.googleapis.com/auth/cloudplatformprojects.readonly","https://www.googleapis.com/auth/firebase","https://www.googleapis.com/auth/cloud-platform"]
[debug] [2026-01-17T13:30:56.170Z] > authorizing via signed-in user (mahmood3ssas@gmail.com)
[debug] [2026-01-17T13:30:56.171Z] Checked if tokens are valid: false, expires at: 1768480702744
[debug] [2026-01-17T13:30:56.171Z] Checked if tokens are valid: false, expires at: 1768480702744
[debug] [2026-01-17T13:30:56.172Z] > refreshing access token with scopes: []
[debug] [2026-01-17T13:30:56.173Z] >>> [apiv2][query] POST https://www.googleapis.com/oauth2/v3/token [none]
[debug] [2026-01-17T13:30:56.173Z] >>> [apiv2][body] POST https://www.googleapis.com/oauth2/v3/token [omitted]
[debug] [2026-01-17T13:30:56.727Z] <<< [apiv2][status] POST https://www.googleapis.com/oauth2/v3/token 200
[debug] [2026-01-17T13:30:56.727Z] <<< [apiv2][body] POST https://www.googleapis.com/oauth2/v3/token [omitted]
[debug] [2026-01-17T13:30:56.737Z] >>> [apiv2][query] GET https://firebase.googleapis.com/v1beta1/projects pageSize=100
[debug] [2026-01-17T13:30:57.659Z] <<< [apiv2][status] GET https://firebase.googleapis.com/v1beta1/projects 200
[debug] [2026-01-17T13:30:57.659Z] <<< [apiv2][body] GET https://firebase.googleapis.com/v1beta1/projects [omitted]
[info] 
=== Hosting Setup
[debug] [2026-01-17T13:31:04.299Z] Checked if tokens are valid: true, expires at: 1768660255727
[debug] [2026-01-17T13:31:04.299Z] Checked if tokens are valid: true, expires at: 1768660255727
[debug] [2026-01-17T13:31:04.300Z] >>> [apiv2][query] GET https://firebase.googleapis.com/v1beta1/projects/hotel-21cac [none]
[debug] [2026-01-17T13:31:04.894Z] <<< [apiv2][status] GET https://firebase.googleapis.com/v1beta1/projects/hotel-21cac 200
[debug] [2026-01-17T13:31:04.894Z] <<< [apiv2][body] GET https://firebase.googleapis.com/v1beta1/projects/hotel-21cac {"projectId":"hotel-21cac","projectNumber":"263712579027","displayName":"hotel","name":"projects/hotel-21cac","resources":{"hostingSite":"hotel-21cac"},"state":"ACTIVE","etag":"1_03a43914-deba-4f8f-91eb-eec6aba97514"}
[info] 
[info] Your public directory is the folder (relative to your project directory) that
[info] will contain Hosting assets to be uploaded with firebase deploy. If you
[info] have a build process for your assets, use your build's output directory.
[info] 
